<?xml version="1.0" encoding="UTF-8"?>
<testsuite name="com.ddth.challenge.shtp.ShortestPathApplicationTests" tests="1" skipped="0" failures="0" errors="0" timestamp="2019-03-30T04:24:28" hostname="DESKTOP-B1T0P6L" time="0.285">
  <properties/>
  <testcase name="contextLoads" classname="com.ddth.challenge.shtp.ShortestPathApplicationTests" time="0.285"/>
  <system-out><![CDATA[11:24:22.631 [Test worker] DEBUG org.springframework.test.context.junit4.SpringJUnit4ClassRunner - SpringJUnit4ClassRunner constructor called with [class com.ddth.challenge.shtp.ShortestPathApplicationTests]
11:24:22.644 [Test worker] DEBUG org.springframework.test.context.BootstrapUtils - Instantiating CacheAwareContextLoaderDelegate from class [org.springframework.test.context.cache.DefaultCacheAwareContextLoaderDelegate]
11:24:22.659 [Test worker] DEBUG org.springframework.test.context.BootstrapUtils - Instantiating BootstrapContext using constructor [public org.springframework.test.context.support.DefaultBootstrapContext(java.lang.Class,org.springframework.test.context.CacheAwareContextLoaderDelegate)]
11:24:22.688 [Test worker] DEBUG org.springframework.test.context.BootstrapUtils - Instantiating TestContextBootstrapper for test class [com.ddth.challenge.shtp.ShortestPathApplicationTests] from class [org.springframework.boot.test.context.SpringBootTestContextBootstrapper]
11:24:22.713 [Test worker] INFO org.springframework.boot.test.context.SpringBootTestContextBootstrapper - Neither @ContextConfiguration nor @ContextHierarchy found for test class [com.ddth.challenge.shtp.ShortestPathApplicationTests], using SpringBootContextLoader
11:24:22.720 [Test worker] DEBUG org.springframework.test.context.support.AbstractContextLoader - Did not detect default resource location for test class [com.ddth.challenge.shtp.ShortestPathApplicationTests]: class path resource [com/ddth/challenge/shtp/ShortestPathApplicationTests-context.xml] does not exist
11:24:22.720 [Test worker] DEBUG org.springframework.test.context.support.AbstractContextLoader - Did not detect default resource location for test class [com.ddth.challenge.shtp.ShortestPathApplicationTests]: class path resource [com/ddth/challenge/shtp/ShortestPathApplicationTestsContext.groovy] does not exist
11:24:22.721 [Test worker] INFO org.springframework.test.context.support.AbstractContextLoader - Could not detect default resource locations for test class [com.ddth.challenge.shtp.ShortestPathApplicationTests]: no resource found for suffixes {-context.xml, Context.groovy}.
11:24:22.722 [Test worker] INFO org.springframework.test.context.support.AnnotationConfigContextLoaderUtils - Could not detect default configuration classes for test class [com.ddth.challenge.shtp.ShortestPathApplicationTests]: ShortestPathApplicationTests does not declare any static, non-private, non-final, nested classes annotated with @Configuration.
11:24:22.805 [Test worker] DEBUG org.springframework.test.context.support.ActiveProfilesUtils - Could not find an 'annotation declaring class' for annotation type [org.springframework.test.context.ActiveProfiles] and class [com.ddth.challenge.shtp.ShortestPathApplicationTests]
11:24:22.926 [Test worker] DEBUG org.springframework.context.annotation.ClassPathScanningCandidateComponentProvider - Identified candidate component class: file [C:\Users\dome_\Desktop\BaseProjectDDChallenge-master\build\classes\java\main\com\ddth\challenge\shtp\ShortestPathApplication.class]
11:24:22.929 [Test worker] INFO org.springframework.boot.test.context.SpringBootTestContextBootstrapper - Found @SpringBootConfiguration com.ddth.challenge.shtp.ShortestPathApplication for test class com.ddth.challenge.shtp.ShortestPathApplicationTests
11:24:23.076 [Test worker] DEBUG org.springframework.boot.test.context.SpringBootTestContextBootstrapper - @TestExecutionListeners is not present for class [com.ddth.challenge.shtp.ShortestPathApplicationTests]: using defaults.
11:24:23.078 [Test worker] INFO org.springframework.boot.test.context.SpringBootTestContextBootstrapper - Loaded default TestExecutionListener class names from location [META-INF/spring.factories]: [org.springframework.boot.test.autoconfigure.restdocs.RestDocsTestExecutionListener, org.springframework.boot.test.autoconfigure.web.client.MockRestServiceServerResetTestExecutionListener, org.springframework.boot.test.autoconfigure.web.servlet.MockMvcPrintOnlyOnFailureTestExecutionListener, org.springframework.boot.test.autoconfigure.web.servlet.WebDriverTestExecutionListener, org.springframework.boot.test.mock.mockito.MockitoTestExecutionListener, org.springframework.boot.test.mock.mockito.ResetMocksTestExecutionListener, org.springframework.test.context.web.ServletTestExecutionListener, org.springframework.test.context.support.DirtiesContextBeforeModesTestExecutionListener, org.springframework.test.context.support.DependencyInjectionTestExecutionListener, org.springframework.test.context.support.DirtiesContextTestExecutionListener, org.springframework.test.context.transaction.TransactionalTestExecutionListener, org.springframework.test.context.jdbc.SqlScriptsTestExecutionListener]
11:24:23.110 [Test worker] DEBUG org.springframework.boot.test.context.SpringBootTestContextBootstrapper - Skipping candidate TestExecutionListener [org.springframework.test.context.transaction.TransactionalTestExecutionListener] due to a missing dependency. Specify custom listener classes or make the default listener classes and their required dependencies available. Offending class: [org/springframework/transaction/interceptor/TransactionAttributeSource]
11:24:23.111 [Test worker] DEBUG org.springframework.boot.test.context.SpringBootTestContextBootstrapper - Skipping candidate TestExecutionListener [org.springframework.test.context.jdbc.SqlScriptsTestExecutionListener] due to a missing dependency. Specify custom listener classes or make the default listener classes and their required dependencies available. Offending class: [org/springframework/transaction/interceptor/TransactionAttribute]
11:24:23.111 [Test worker] INFO org.springframework.boot.test.context.SpringBootTestContextBootstrapper - Using TestExecutionListeners: [org.springframework.test.context.web.ServletTestExecutionListener@6d85ff74, org.springframework.test.context.support.DirtiesContextBeforeModesTestExecutionListener@37825e67, org.springframework.boot.test.mock.mockito.MockitoTestExecutionListener@27e5afac, org.springframework.boot.test.autoconfigure.SpringBootDependencyInjectionTestExecutionListener@4c782562, org.springframework.test.context.support.DirtiesContextTestExecutionListener@ec40dc6, org.springframework.boot.test.autoconfigure.restdocs.RestDocsTestExecutionListener@2b100b1f, org.springframework.boot.test.autoconfigure.web.client.MockRestServiceServerResetTestExecutionListener@2182591e, org.springframework.boot.test.autoconfigure.web.servlet.MockMvcPrintOnlyOnFailureTestExecutionListener@2c5c3b79, org.springframework.boot.test.autoconfigure.web.servlet.WebDriverTestExecutionListener@258b909, org.springframework.boot.test.mock.mockito.ResetMocksTestExecutionListener@29bb02ae]
11:24:23.118 [Test worker] DEBUG org.springframework.test.annotation.ProfileValueUtils - Retrieved @ProfileValueSourceConfiguration [null] for test class [com.ddth.challenge.shtp.ShortestPathApplicationTests]
11:24:23.119 [Test worker] DEBUG org.springframework.test.annotation.ProfileValueUtils - Retrieved ProfileValueSource type [class org.springframework.test.annotation.SystemProfileValueSource] for class [com.ddth.challenge.shtp.ShortestPathApplicationTests]
11:24:23.120 [Test worker] DEBUG org.springframework.test.annotation.ProfileValueUtils - Retrieved @ProfileValueSourceConfiguration [null] for test class [com.ddth.challenge.shtp.ShortestPathApplicationTests]
11:24:23.120 [Test worker] DEBUG org.springframework.test.annotation.ProfileValueUtils - Retrieved ProfileValueSource type [class org.springframework.test.annotation.SystemProfileValueSource] for class [com.ddth.challenge.shtp.ShortestPathApplicationTests]
11:24:23.130 [Test worker] DEBUG org.springframework.test.context.support.AbstractDirtiesContextTestExecutionListener - Before test class: context [DefaultTestContext@5f5c0630 testClass = ShortestPathApplicationTests, testInstance = [null], testMethod = [null], testException = [null], mergedContextConfiguration = [WebMergedContextConfiguration@445a1368 testClass = ShortestPathApplicationTests, locations = '{}', classes = '{class com.ddth.challenge.shtp.ShortestPathApplication}', contextInitializerClasses = '[]', activeProfiles = '{}', propertySourceLocations = '{}', propertySourceProperties = '{org.springframework.boot.test.context.SpringBootTestContextBootstrapper=true}', contextCustomizers = set[org.springframework.boot.test.autoconfigure.properties.PropertyMappingContextCustomizer@0, org.springframework.boot.test.autoconfigure.web.servlet.WebDriverContextCustomizerFactory$Customizer@631c2bf8, org.springframework.boot.test.context.filter.ExcludeFilterContextCustomizer@2c8b4438, org.springframework.boot.test.json.DuplicateJsonObjectContextCustomizerFactory$DuplicateJsonObjectContextCustomizer@1ee138d4, org.springframework.boot.test.mock.mockito.MockitoContextCustomizer@0, org.springframework.boot.test.web.client.TestRestTemplateContextCustomizer@5482edbb], resourceBasePath = 'src/main/webapp', contextLoader = 'org.springframework.boot.test.context.SpringBootContextLoader', parent = [null]], attributes = map['org.springframework.test.context.web.ServletTestExecutionListener.activateListener' -> true]], class annotated with @DirtiesContext [false] with mode [null].
11:24:23.131 [Test worker] DEBUG org.springframework.test.annotation.ProfileValueUtils - Retrieved @ProfileValueSourceConfiguration [null] for test class [com.ddth.challenge.shtp.ShortestPathApplicationTests]
11:24:23.132 [Test worker] DEBUG org.springframework.test.annotation.ProfileValueUtils - Retrieved ProfileValueSource type [class org.springframework.test.annotation.SystemProfileValueSource] for class [com.ddth.challenge.shtp.ShortestPathApplicationTests]
11:24:23.171 [Test worker] DEBUG org.springframework.test.context.support.TestPropertySourceUtils - Adding inlined properties to environment: {spring.jmx.enabled=false, org.springframework.boot.test.context.SpringBootTestContextBootstrapper=true, server.port=-1}

  .   ____          _            __ _ _
 /\\ / ___'_ __ _ _(_)_ __  __ _ \ \ \ \
( ( )\___ | '_ | '_| | '_ \/ _` | \ \ \ \
 \\/  ___)| |_)| | | | | || (_| |  ) ) ) )
  '  |____| .__|_| |_|_| |_\__, | / / / /
 =========|_|==============|___/=/_/_/_/
 :: Spring Boot ::        (v2.1.3.RELEASE)

2019-03-30 11:24:24.087  INFO 1876 --- [    Test worker] c.d.c.shtp.ShortestPathApplicationTests  : Starting ShortestPathApplicationTests on DESKTOP-B1T0P6L with PID 1876 (started by dome_ in C:\Users\dome_\Desktop\BaseProjectDDChallenge-master)
2019-03-30 11:24:24.089  INFO 1876 --- [    Test worker] c.d.c.shtp.ShortestPathApplicationTests  : No active profile set, falling back to default profiles: default
Start Global Exception handler
2019-03-30 11:24:27.895  INFO 1876 --- [    Test worker] o.s.s.concurrent.ThreadPoolTaskExecutor  : Initializing ExecutorService 'applicationTaskExecutor'
2019-03-30 11:24:28.599  INFO 1876 --- [    Test worker] c.d.c.shtp.ShortestPathApplicationTests  : Started ShortestPathApplicationTests in 5.415 seconds (JVM running for 9.193)
]]></system-out>
  <system-err><![CDATA[]]></system-err>
</testsuite>
